#
# There is insufficient memory for the Java Runtime Environment to continue.
# Native memory allocation (malloc) failed to allocate 1456176 bytes for Chunk::new
# Possible reasons:
#   The system is out of physical RAM or swap space
#   The process is running with CompressedOops enabled, and the Java Heap may be blocking the growth of the native heap
# Possible solutions:
#   Reduce memory load on the system
#   Increase physical memory or swap space
#   Check if swap backing store is full
#   Decrease Java heap size (-Xmx/-Xms)
#   Decrease number of Java threads
#   Decrease Java thread stack sizes (-Xss)
#   Set larger code cache with -XX:ReservedCodeCacheSize=
#   JVM is running with Unscaled Compressed Oops mode in which the Java heap is
#     placed in the first 4GB address space. The Java Heap base address is the
#     maximum limit for the native heap growth. Please use -XX:HeapBaseMinAddress
#     to set the Java Heap base and to place the Java Heap above 4GB virtual address.
# This output file may be truncated or incomplete.
#
#  Out of Memory Error (allocation.cpp:389), pid=9064, tid=0x000000000000085c
#
# JRE version: OpenJDK Runtime Environment (8.0_212-b04) (build 1.8.0_212-release-1586-b04)
# Java VM: OpenJDK 64-Bit Server VM (25.212-b04 mixed mode windows-amd64 compressed oops)
# Failed to write core dump. Minidumps are not enabled by default on client versions of Windows
#

---------------  T H R E A D  ---------------

Current thread (0x000000001696c000):  JavaThread "C2 CompilerThread1" daemon [_thread_in_native, id=2140, stack(0x00000000180e0000,0x00000000181e0000)]

Stack: [0x00000000180e0000,0x00000000181e0000]
[error occurred during error reporting (printing stack bounds), id 0xc0000005]

Native frames: (J=compiled Java code, j=interpreted, Vv=VM code, C=native code)


Current CompileTask:
C2: 783162 21682 %     4       com.android.tools.r8.ir.regalloc.LinearScanRegisterAllocator::a @ 2115 (3993 bytes)


---------------  P R O C E S S  ---------------

Java Threads: ( => current thread )
  0x000000002784e000 JavaThread "WorkerExecutor Queue Thread 4" [_thread_blocked, id=14092, stack(0x0000000030580000,0x0000000030680000)]
  0x000000002784d800 JavaThread "WorkerExecutor Queue Thread 3" [_thread_blocked, id=9972, stack(0x0000000030480000,0x0000000030580000)]
  0x000000001ce5d000 JavaThread "Cache worker for Java compile cache (C:\Users\hookl\AndroidStudioProjects\ChoreRoulette\.gradle\5.6.4\javaCompile)" [_thread_blocked, id=14492, stack(0x000000002b080000,0x000000002b180000)]
  0x0000000019d3e000 JavaThread "WorkerExecutor Queue Thread 2" [_thread_in_Java, id=12580, stack(0x000000002a2c0000,0x000000002a3c0000)]
  0x000000001ce61800 JavaThread "stdout" [_thread_in_native, id=1408, stack(0x00000000295c0000,0x00000000296c0000)]
  0x000000001ce5c000 JavaThread "stderr" [_thread_in_native, id=12628, stack(0x00000000282a0000,0x00000000283a0000)]
  0x0000000019d3c800 JavaThread "pool-8-thread-1" [_thread_blocked, id=14956, stack(0x0000000027da0000,0x0000000027ea0000)]
  0x0000000019c51800 JavaThread "WorkerExecutor Queue" [_thread_blocked, id=11716, stack(0x0000000024a30000,0x0000000024b30000)]
  0x000000001ce60800 JavaThread "Cache worker for execution history cache (C:\Users\hookl\AndroidStudioProjects\ChoreRoulette\.gradle\5.6.4\executionHistory)" [_thread_blocked, id=3348, stack(0x0000000024930000,0x0000000024a30000)]
  0x000000002784c000 JavaThread "Execution worker for ':' Thread 3" [_thread_blocked, id=7328, stack(0x00000000241e0000,0x00000000242e0000)]
  0x0000000027849000 JavaThread "Execution worker for ':' Thread 2" [_thread_blocked, id=11912, stack(0x00000000240e0000,0x00000000241e0000)]
  0x000000002784b000 JavaThread "Execution worker for ':'" [_thread_blocked, id=13524, stack(0x0000000023be0000,0x0000000023ce0000)]
  0x0000000019c53800 JavaThread "Cache worker for file content cache (C:\Users\hookl\AndroidStudioProjects\ChoreRoulette\.gradle\5.6.4\fileContent)" [_thread_blocked, id=9880, stack(0x0000000023970000,0x0000000023a70000)]
  0x0000000019c4f000 JavaThread "Cache worker for Build Output Cleanup Cache (C:\Users\hookl\AndroidStudioProjects\ChoreRoulette\.gradle\buildOutputCleanup)" [_thread_blocked, id=6792, stack(0x0000000022290000,0x0000000022390000)]
  0x0000000019c53000 JavaThread "Build operations Thread 4" [_thread_blocked, id=13012, stack(0x0000000022190000,0x0000000022290000)]
  0x0000000019c55000 JavaThread "Build operations Thread 3" [_thread_blocked, id=13756, stack(0x0000000022090000,0x0000000022190000)]
  0x0000000019c52000 JavaThread "Build operations Thread 2" [_thread_blocked, id=13396, stack(0x0000000021f90000,0x0000000022090000)]
  0x0000000019c54800 JavaThread "Build operations" [_thread_blocked, id=1028, stack(0x00000000217a0000,0x00000000218a0000)]
  0x0000000019d3a000 JavaThread "Cache worker for cache directory md-rule (C:\Users\hookl\.gradle\caches\5.6.4\md-rule)" [_thread_blocked, id=6124, stack(0x000000001f3a0000,0x000000001f4a0000)]
  0x0000000019d3b800 JavaThread "Cache worker for cache directory md-supplier (C:\Users\hookl\.gradle\caches\5.6.4\md-supplier)" [_thread_blocked, id=416, stack(0x000000001f2a0000,0x000000001f3a0000)]
  0x0000000027849800 JavaThread "Cache worker for file hash cache (C:\Users\hookl\AndroidStudioProjects\ChoreRoulette\.gradle\5.6.4\fileHashes)" [_thread_blocked, id=2076, stack(0x000000001c200000,0x000000001c300000)]
  0x0000000019d3e800 JavaThread "Thread-71" [_thread_blocked, id=3440, stack(0x000000001bf00000,0x000000001c000000)]
  0x0000000019ceb800 JavaThread "Stdin handler" [_thread_blocked, id=7892, stack(0x000000001be00000,0x000000001bf00000)]
  0x000000001abfe000 JavaThread "Asynchronous log dispatcher for DefaultDaemonConnection: socket connection from /127.0.0.1:61011 to /127.0.0.1:61226" [_thread_blocked, id=11472, stack(0x000000001bb00000,0x000000001bc00000)]
  0x000000001abfd800 JavaThread "Daemon worker Thread 3" [_thread_blocked, id=8520, stack(0x000000001ba00000,0x000000001bb00000)]
  0x000000001abff800 JavaThread "Cancel handler" [_thread_blocked, id=6220, stack(0x0000000001410000,0x0000000001510000)]
  0x000000001abff000 JavaThread "Handler for socket connection from /127.0.0.1:61011 to /127.0.0.1:61226" [_thread_in_native, id=11320, stack(0x0000000001310000,0x0000000001410000)]
  0x0000000019cec800 JavaThread "Daemon Thread 3" [_thread_blocked, id=4248, stack(0x0000000001210000,0x0000000001310000)]
  0x000000001e589000 JavaThread "Cache worker for Java compile cache (C:\Users\hookl\.gradle\caches\5.6.4\javaCompile)" [_thread_blocked, id=8604, stack(0x0000000027ca0000,0x0000000027da0000)]
  0x000000001ce5d800 JavaThread "Cache worker for file content cache (C:\Users\hookl\.gradle\caches\5.6.4\fileContent)" [_thread_blocked, id=4368, stack(0x0000000023ae0000,0x0000000023be0000)]
  0x000000001ce64000 JavaThread "Memory manager" [_thread_blocked, id=15184, stack(0x0000000023670000,0x0000000023770000)]
  0x000000001ce60000 JavaThread "Cache worker for execution history cache (C:\Users\hookl\.gradle\caches\5.6.4\executionHistory)" [_thread_blocked, id=1912, stack(0x00000000216a0000,0x00000000217a0000)]
  0x000000001a067800 JavaThread "Cache worker for journal cache (C:\Users\hookl\.gradle\caches\journal-1)" [_thread_blocked, id=6584, stack(0x000000001c700000,0x000000001c800000)]
  0x000000001a065000 JavaThread "File lock request listener" [_thread_in_native, id=7624, stack(0x000000001c600000,0x000000001c700000)]
  0x000000001a066800 JavaThread "Cache worker for file hash cache (C:\Users\hookl\.gradle\caches\5.6.4\fileHashes)" [_thread_blocked, id=2448, stack(0x000000001c500000,0x000000001c600000)]
  0x000000001a532000 JavaThread "Daemon periodic checks" [_thread_blocked, id=1080, stack(0x000000001b900000,0x000000001ba00000)]
  0x000000001a4fa000 JavaThread "Incoming local TCP Connector on port 61011" [_thread_in_native, id=5812, stack(0x000000001b6c0000,0x000000001b7c0000)]
  0x0000000018624800 JavaThread "Daemon health stats" [_thread_blocked, id=9636, stack(0x000000001b080000,0x000000001b180000)]
  0x0000000018308800 JavaThread "Service Thread" daemon [_thread_blocked, id=11820, stack(0x00000000186e0000,0x00000000187e0000)]
  0x0000000016973800 JavaThread "C1 CompilerThread2" daemon [_thread_blocked, id=5884, stack(0x00000000181e0000,0x00000000182e0000)]
=>0x000000001696c000 JavaThread "C2 CompilerThread1" daemon [_thread_in_native, id=2140, stack(0x00000000180e0000,0x00000000181e0000)]
  0x0000000016978800 JavaThread "C2 CompilerThread0" daemon [_thread_in_native, id=10284, stack(0x0000000017fe0000,0x00000000180e0000)]
  0x0000000016977000 JavaThread "Attach Listener" daemon [_thread_blocked, id=15292, stack(0x0000000017ee0000,0x0000000017fe0000)]
  0x0000000016975800 JavaThread "Signal Dispatcher" daemon [_thread_blocked, id=12744, stack(0x0000000017de0000,0x0000000017ee0000)]
  0x0000000002f2b000 JavaThread "Finalizer" daemon [_thread_blocked, id=9004, stack(0x0000000017be0000,0x0000000017ce0000)]
  0x0000000016959000 JavaThread "Reference Handler" daemon [_thread_blocked, id=13548, stack(0x0000000017ae0000,0x0000000017be0000)]
  0x0000000002fed800 JavaThread "main" [_thread_blocked, id=9400, stack(0x0000000001510000,0x0000000001610000)]

Other Threads:
  0x0000000016936000 VMThread [stack: 0x00000000179e0000,0x0000000017ae0000] [id=14144]
  0x00000000169cc800 WatcherThread [stack: 0x00000000187e0000,0x00000000188e0000] [id=13676]

VM state:not at safepoint (normal execution)

VM Mutex/Monitor currently owned by a thread: None

heap address: 0x00000000a0000000, size: 1536 MB, Compressed Oops mode: 32-bit
Narrow klass base: 0x0000000000000000, Narrow klass shift: 3
Compressed class space size: 1073741824 Address: 0x0000000100000000

Heap:
 PSYoungGen      total 326656K, used 193778K [0x00000000e0000000, 0x00000000f9580000, 0x0000000100000000)
  eden space 267264K, 72% used [0x00000000e0000000,0x00000000ebd3c850,0x00000000f0500000)
  from space 59392K, 0% used [0x00000000f5b80000,0x00000000f5b80000,0x00000000f9580000)
  to   space 59904K, 0% used [0x00000000f0500000,0x00000000f0500000,0x00000000f3f80000)
 ParOldGen       total 219136K, used 85432K [0x00000000a0000000, 0x00000000ad600000, 0x00000000e0000000)
  object space 219136K, 38% used [0x00000000a0000000,0x00000000a536e0f8,0x00000000ad600000)
 Metaspace       used 129866K, capacity 135482K, committed 135616K, reserved 1169408K
  class space    used 15974K, capacity 17317K, committed 17408K, reserved 1048576K

Card table byte_map: [0x00000000123c0000,0x00000000126d0000] byte_map_base: 0x0000000011ec0000

Marking Bits: (ParMarkBitMap*) 0x0000000075729f30
 Begin Bits: [0x0000000012cd0000, 0x00000000144d0000)
 End Bits:   [0x00000000144d0000, 0x0000000015cd0000)

Polling page: 0x00000000010d0000

CodeCache: size=245760Kb used=63605Kb max_used=64185Kb free=182154Kb
 bounds [0x0000000003000000, 0x0000000006f00000, 0x0000000012000000]
 total_blobs=18783 nmethods=17904 adapters=789
 compilation: enabled

Compilation events (10 events):
Event: 783.065 Thread 0x0000000016973800 21788       3       com.android.tools.r8.s.a.a.d.g::a (51 bytes)
Event: 783.065 Thread 0x0000000016973800 nmethod 21788 0x0000000003ccc350 code [0x0000000003ccc4e0, 0x0000000003ccc9d8]
Event: 783.070 Thread 0x0000000016973800 21791   !   3       com.android.tools.r8.dex.c::b (104 bytes)
Event: 783.070 Thread 0x0000000016973800 nmethod 21791 0x00000000043cd8d0 code [0x00000000043cda80, 0x00000000043cdff8]
Event: 783.075 Thread 0x0000000016973800 21792       1       com.android.tools.r8.s.a.b.m.a::g (5 bytes)
Event: 783.075 Thread 0x0000000016973800 nmethod 21792 0x0000000005cf9490 code [0x0000000005cf95e0, 0x0000000005cf96f0]
Event: 783.077 Thread 0x0000000016973800 21793       3       com.android.tools.r8.s.a.b.m.a::a (6 bytes)
Event: 783.077 Thread 0x0000000016973800 nmethod 21793 0x0000000004094d50 code [0x0000000004094ea0, 0x0000000004094ff0]
Event: 783.079 Thread 0x0000000016973800 21794       3       com.android.tools.r8.s.a.b.l.d::entrySet (28 bytes)
Event: 783.079 Thread 0x0000000016973800 nmethod 21794 0x0000000004336690 code [0x0000000004336800, 0x0000000004336b90]

GC Heap History (10 events):
Event: 233.597 GC heap before
{Heap before GC invocations=23 (full 4):
 PSYoungGen      total 291840K, used 281383K [0x00000000e0000000, 0x00000000f4380000, 0x0000000100000000)
  eden space 260608K, 100% used [0x00000000e0000000,0x00000000efe80000,0x00000000efe80000)
  from space 31232K, 66% used [0x00000000f2500000,0x00000000f3949d30,0x00000000f4380000)
  to   space 35328K, 0% used [0x00000000efe80000,0x00000000efe80000,0x00000000f2100000)
 ParOldGen       total 219136K, used 63485K [0x00000000a0000000, 0x00000000ad600000, 0x00000000e0000000)
  object space 219136K, 28% used [0x00000000a0000000,0x00000000a3dff518,0x00000000ad600000)
 Metaspace       used 116150K, capacity 121326K, committed 121536K, reserved 1155072K
  class space    used 14599K, capacity 15765K, committed 15872K, reserved 1048576K
Event: 233.632 GC heap after
Heap after GC invocations=23 (full 4):
 PSYoungGen      total 295936K, used 35302K [0x00000000e0000000, 0x00000000f6980000, 0x0000000100000000)
  eden space 260608K, 0% used [0x00000000e0000000,0x00000000e0000000,0x00000000efe80000)
  from space 35328K, 99% used [0x00000000efe80000,0x00000000f20f9bb8,0x00000000f2100000)
  to   space 43008K, 0% used [0x00000000f3f80000,0x00000000f3f80000,0x00000000f6980000)
 ParOldGen       total 219136K, used 68305K [0x00000000a0000000, 0x00000000ad600000, 0x00000000e0000000)
  object space 219136K, 31% used [0x00000000a0000000,0x00000000a42b4728,0x00000000ad600000)
 Metaspace       used 116150K, capacity 121326K, committed 121536K, reserved 1155072K
  class space    used 14599K, capacity 15765K, committed 15872K, reserved 1048576K
}
Event: 235.709 GC heap before
{Heap before GC invocations=24 (full 4):
 PSYoungGen      total 295936K, used 295910K [0x00000000e0000000, 0x00000000f6980000, 0x0000000100000000)
  eden space 260608K, 100% used [0x00000000e0000000,0x00000000efe80000,0x00000000efe80000)
  from space 35328K, 99% used [0x00000000efe80000,0x00000000f20f9bb8,0x00000000f2100000)
  to   space 43008K, 0% used [0x00000000f3f80000,0x00000000f3f80000,0x00000000f6980000)
 ParOldGen       total 219136K, used 68305K [0x00000000a0000000, 0x00000000ad600000, 0x00000000e0000000)
  object space 219136K, 31% used [0x00000000a0000000,0x00000000a42b4728,0x00000000ad600000)
 Metaspace       used 119008K, capacity 124242K, committed 124608K, reserved 1157120K
  class space    used 14855K, capacity 16001K, committed 16128K, reserved 1048576K
Event: 235.771 GC heap after
Heap after GC invocations=24 (full 4):
 PSYoungGen      total 310272K, used 42987K [0x00000000e0000000, 0x00000000f9580000, 0x0000000100000000)
  eden space 267264K, 0% used [0x00000000e0000000,0x00000000e0000000,0x00000000f0500000)
  from space 43008K, 99% used [0x00000000f3f80000,0x00000000f697ad48,0x00000000f6980000)
  to   space 59904K, 0% used [0x00000000f0500000,0x00000000f0500000,0x00000000f3f80000)
 ParOldGen       total 219136K, used 94046K [0x00000000a0000000, 0x00000000ad600000, 0x00000000e0000000)
  object space 219136K, 42% used [0x00000000a0000000,0x00000000a5bd7b48,0x00000000ad600000)
 Metaspace       used 119008K, capacity 124242K, committed 124608K, reserved 1157120K
  class space    used 14855K, capacity 16001K, committed 16128K, reserved 1048576K
}
Event: 776.647 GC heap before
{Heap before GC invocations=25 (full 4):
 PSYoungGen      total 310272K, used 310251K [0x00000000e0000000, 0x00000000f9580000, 0x0000000100000000)
  eden space 267264K, 100% used [0x00000000e0000000,0x00000000f0500000,0x00000000f0500000)
  from space 43008K, 99% used [0x00000000f3f80000,0x00000000f697ad48,0x00000000f6980000)
  to   space 59904K, 0% used [0x00000000f0500000,0x00000000f0500000,0x00000000f3f80000)
 ParOldGen       total 219136K, used 94046K [0x00000000a0000000, 0x00000000ad600000, 0x00000000e0000000)
  object space 219136K, 42% used [0x00000000a0000000,0x00000000a5bd7b48,0x00000000ad600000)
 Metaspace       used 119714K, capacity 125140K, committed 125376K, reserved 1159168K
  class space    used 14899K, capacity 16080K, committed 16128K, reserved 1048576K
Event: 776.713 GC heap after
Heap after GC invocations=25 (full 4):
 PSYoungGen      total 327168K, used 29914K [0x00000000e0000000, 0x00000000f9580000, 0x0000000100000000)
  eden space 267264K, 0% used [0x00000000e0000000,0x00000000e0000000,0x00000000f0500000)
  from space 59904K, 49% used [0x00000000f0500000,0x00000000f2236898,0x00000000f3f80000)
  to   space 59392K, 0% used [0x00000000f5b80000,0x00000000f5b80000,0x00000000f9580000)
 ParOldGen       total 219136K, used 101528K [0x00000000a0000000, 0x00000000ad600000, 0x00000000e0000000)
  object space 219136K, 46% used [0x00000000a0000000,0x00000000a63260c0,0x00000000ad600000)
 Metaspace       used 119714K, capacity 125140K, committed 125376K, reserved 1159168K
  class space    used 14899K, capacity 16080K, committed 16128K, reserved 1048576K
}
Event: 780.756 GC heap before
{Heap before GC invocations=26 (full 4):
 PSYoungGen      total 327168K, used 185469K [0x00000000e0000000, 0x00000000f9580000, 0x0000000100000000)
  eden space 267264K, 58% used [0x00000000e0000000,0x00000000e97e8e80,0x00000000f0500000)
  from space 59904K, 49% used [0x00000000f0500000,0x00000000f2236898,0x00000000f3f80000)
  to   space 59392K, 0% used [0x00000000f5b80000,0x00000000f5b80000,0x00000000f9580000)
 ParOldGen       total 219136K, used 101528K [0x00000000a0000000, 0x00000000ad600000, 0x00000000e0000000)
  object space 219136K, 46% used [0x00000000a0000000,0x00000000a63260c0,0x00000000ad600000)
 Metaspace       used 124013K, capacity 129420K, committed 129472K, reserved 1169408K
  class space    used 15346K, capacity 16604K, committed 16640K, reserved 1048576K
Event: 780.816 GC heap after
Heap after GC invocations=26 (full 4):
 PSYoungGen      total 326656K, used 40762K [0x00000000e0000000, 0x00000000f9580000, 0x0000000100000000)
  eden space 267264K, 0% used [0x00000000e0000000,0x00000000e0000000,0x00000000f0500000)
  from space 59392K, 68% used [0x00000000f5b80000,0x00000000f834eb10,0x00000000f9580000)
  to   space 59904K, 0% used [0x00000000f0500000,0x00000000f0500000,0x00000000f3f80000)
 ParOldGen       total 219136K, used 101536K [0x00000000a0000000, 0x00000000ad600000, 0x00000000e0000000)
  object space 219136K, 46% used [0x00000000a0000000,0x00000000a63280c0,0x00000000ad600000)
 Metaspace       used 124013K, capacity 129420K, committed 129472K, reserved 1169408K
  class space    used 15346K, capacity 16604K, committed 16640K, reserved 1048576K
}
Event: 780.816 GC heap before
{Heap before GC invocations=27 (full 5):
 PSYoungGen      total 326656K, used 40762K [0x00000000e0000000, 0x00000000f9580000, 0x0000000100000000)
  eden space 267264K, 0% used [0x00000000e0000000,0x00000000e0000000,0x00000000f0500000)
  from space 59392K, 68% used [0x00000000f5b80000,0x00000000f834eb10,0x00000000f9580000)
  to   space 59904K, 0% used [0x00000000f0500000,0x00000000f0500000,0x00000000f3f80000)
 ParOldGen       total 219136K, used 101536K [0x00000000a0000000, 0x00000000ad600000, 0x00000000e0000000)
  object space 219136K, 46% used [0x00000000a0000000,0x00000000a63280c0,0x00000000ad600000)
 Metaspace       used 124013K, capacity 129420K, committed 129472K, reserved 1169408K
  class space    used 15346K, capacity 16604K, committed 16640K, reserved 1048576K
Event: 781.295 GC heap after
Heap after GC invocations=27 (full 5):
 PSYoungGen      total 326656K, used 0K [0x00000000e0000000, 0x00000000f9580000, 0x0000000100000000)
  eden space 267264K, 0% used [0x00000000e0000000,0x00000000e0000000,0x00000000f0500000)
  from space 59392K, 0% used [0x00000000f5b80000,0x00000000f5b80000,0x00000000f9580000)
  to   space 59904K, 0% used [0x00000000f0500000,0x00000000f0500000,0x00000000f3f80000)
 ParOldGen       total 219136K, used 85432K [0x00000000a0000000, 0x00000000ad600000, 0x00000000e0000000)
  object space 219136K, 38% used [0x00000000a0000000,0x00000000a536e0f8,0x00000000ad600000)
 Metaspace       used 123998K, capacity 129380K, committed 129472K, reserved 1165312K
  class space    used 15341K, capacity 16594K, committed 16640K, reserved 1048576K
}

Deoptimization events (10 events):
Event: 779.535 Thread 0x0000000019c52000 Uncommon trap: reason=unstable_if action=reinterpret pc=0x0000000005a73c08 method=java.util.concurrent.locks.AbstractQueuedSynchronizer.enq(Ljava/util/concurrent/locks/AbstractQueuedSynchronizer$Node;)Ljava/util/concurrent/locks/AbstractQueuedSynchronizer
Event: 779.951 Thread 0x000000002784b000 Uncommon trap: reason=unstable_if action=reinterpret pc=0x0000000004d6018c method=com.sun.tools.javac.code.Types.covariantReturnType(Lcom/sun/tools/javac/code/Type;Lcom/sun/tools/javac/code/Type;Lcom/sun/tools/javac/util/Warner;)Z @ 6
Event: 782.578 Thread 0x000000002784d800 Uncommon trap: reason=array_check action=maybe_recompile pc=0x00000000064b0490 method=java.util.TimSort.mergeHi(IIII)V @ 101
Event: 782.578 Thread 0x000000002784d800 Uncommon trap: reason=array_check action=maybe_recompile pc=0x00000000064b0490 method=java.util.TimSort.mergeHi(IIII)V @ 101
Event: 782.578 Thread 0x000000002784d800 Uncommon trap: reason=array_check action=maybe_recompile pc=0x00000000064b30fc method=java.util.TimSort.mergeLo(IIII)V @ 81
Event: 782.579 Thread 0x000000002784d800 Uncommon trap: reason=array_check action=maybe_recompile pc=0x00000000064b0490 method=java.util.TimSort.mergeHi(IIII)V @ 101
Event: 782.579 Thread 0x000000002784d800 Uncommon trap: reason=array_check action=maybe_recompile pc=0x00000000064b0490 method=java.util.TimSort.mergeHi(IIII)V @ 101
Event: 782.799 Thread 0x000000002784e000 Uncommon trap: reason=array_check action=maybe_recompile pc=0x00000000064b30fc method=java.util.TimSort.mergeLo(IIII)V @ 81
Event: 782.799 Thread 0x000000002784e000 Uncommon trap: reason=array_check action=maybe_recompile pc=0x00000000064b30fc method=java.util.TimSort.mergeLo(IIII)V @ 81
Event: 782.799 Thread 0x000000002784e000 Uncommon trap: reason=array_check action=maybe_recompile pc=0x00000000064b30fc method=java.util.TimSort.mergeLo(IIII)V @ 81

Classes redefined (0 events):
No events

Internal exceptions (10 events):
Event: 782.435 Thread 0x0000000019c51800 Exception <a 'sun/nio/fs/WindowsException'> (0x00000000e5316600) thrown at [D:\src\AOSP-openjdk-cygwin\jdk8u\hotspot\src\share\vm\prims\jni.cpp, line 710]
Event: 782.514 Thread 0x0000000019c51800 Exception <a 'sun/nio/fs/WindowsException'> (0x00000000e5369d28) thrown at [D:\src\AOSP-openjdk-cygwin\jdk8u\hotspot\src\share\vm\prims\jni.cpp, line 710]
Event: 782.595 Thread 0x0000000019c51800 Exception <a 'sun/nio/fs/WindowsException'> (0x00000000e5373b08) thrown at [D:\src\AOSP-openjdk-cygwin\jdk8u\hotspot\src\share\vm\prims\jni.cpp, line 710]
Event: 782.612 Thread 0x0000000019c51800 Exception <a 'sun/nio/fs/WindowsException'> (0x00000000e537bd90) thrown at [D:\src\AOSP-openjdk-cygwin\jdk8u\hotspot\src\share\vm\prims\jni.cpp, line 710]
Event: 782.657 Thread 0x0000000019c51800 Exception <a 'sun/nio/fs/WindowsException'> (0x00000000e5383fe8) thrown at [D:\src\AOSP-openjdk-cygwin\jdk8u\hotspot\src\share\vm\prims\jni.cpp, line 710]
Event: 782.666 Thread 0x0000000019c51800 Exception <a 'sun/nio/fs/WindowsException'> (0x00000000e538c2e8) thrown at [D:\src\AOSP-openjdk-cygwin\jdk8u\hotspot\src\share\vm\prims\jni.cpp, line 710]
Event: 782.697 Thread 0x0000000019c51800 Exception <a 'sun/nio/fs/WindowsException'> (0x00000000e5394348) thrown at [D:\src\AOSP-openjdk-cygwin\jdk8u\hotspot\src\share\vm\prims\jni.cpp, line 710]
Event: 782.710 Thread 0x0000000019c51800 Exception <a 'sun/nio/fs/WindowsException'> (0x00000000e85bac98) thrown at [D:\src\AOSP-openjdk-cygwin\jdk8u\hotspot\src\share\vm\prims\jni.cpp, line 710]
Event: 782.716 Thread 0x0000000019c51800 Exception <a 'sun/nio/fs/WindowsException'> (0x00000000e860ee58) thrown at [D:\src\AOSP-openjdk-cygwin\jdk8u\hotspot\src\share\vm\prims\jni.cpp, line 710]
Event: 783.045 Thread 0x0000000019d3e000 Exception <a 'sun/nio/fs/WindowsException'> (0x00000000e930d600) thrown at [D:\src\AOSP-openjdk-cygwin\jdk8u\hotspot\src\share\vm\prims\jni.cpp, line 710]

Events (10 events):
Event: 783.066 Thread 0x0000000016973800 flushing nmethod 0x0000000005dae090
Event: 783.070 Thread 0x0000000016973800 flushing nmethod 0x0000000005e23990
Event: 783.071 Thread 0x0000000016973800 flushing nmethod 0x0000000005f33e50
Event: 783.071 Thread 0x0000000016973800 flushing nmethod 0x0000000005f39650
Event: 783.071 Thread 0x0000000016973800 flushing nmethod 0x0000000005f42410
Event: 783.071 Thread 0x0000000016973800 flushing nmethod 0x0000000005f697d0
Event: 783.071 Thread 0x0000000016973800 flushing nmethod 0x0000000006003c10
Event: 783.076 Thread 0x0000000016973800 flushing nmethod 0x0000000006668f90
Event: 783.078 Thread 0x0000000016973800 flushing nmethod 0x0000000006b14310
Event: 783.078 Thread 0x0000000016973800 flushing nmethod 0x0000000006b16410


Dynamic libraries:
0x00007ff6afa20000 - 0x00007ff6afa51000 	D:\Android Studio\jre\bin\java.exe
0x00007ff922da0000 - 0x00007ff922f90000 	C:\WINDOWS\SYSTEM32\ntdll.dll
0x00007ff920f40000 - 0x00007ff920ff2000 	C:\WINDOWS\System32\KERNEL32.DLL
0x00007ff91fec0000 - 0x00007ff920165000 	C:\WINDOWS\System32\KERNELBASE.dll
0x00007ff921eb0000 - 0x00007ff921f53000 	C:\WINDOWS\System32\ADVAPI32.dll
0x00007ff921f60000 - 0x00007ff921ffe000 	C:\WINDOWS\System32\msvcrt.dll
0x00007ff922000000 - 0x00007ff922097000 	C:\WINDOWS\System32\sechost.dll
0x00007ff921a70000 - 0x00007ff921b90000 	C:\WINDOWS\System32\RPCRT4.dll
0x00007ff921280000 - 0x00007ff921415000 	C:\WINDOWS\System32\USER32.dll
0x00007ff9204b0000 - 0x00007ff9204d1000 	C:\WINDOWS\System32\win32u.dll
0x00007ff920f10000 - 0x00007ff920f36000 	C:\WINDOWS\System32\GDI32.dll
0x00007ff920170000 - 0x00007ff920306000 	C:\WINDOWS\System32\gdi32full.dll
0x00007ff920310000 - 0x00007ff9203ae000 	C:\WINDOWS\System32\msvcp_win.dll
0x00007ff9203b0000 - 0x00007ff9204aa000 	C:\WINDOWS\System32\ucrtbase.dll
0x00007ff90d480000 - 0x00007ff90d704000 	C:\WINDOWS\WinSxS\amd64_microsoft.windows.common-controls_6595b64144ccf1df_6.0.18362.1082_none_9e8193e1e45b25c1\COMCTL32.dll
0x00007ff9228c0000 - 0x00007ff922bf5000 	C:\WINDOWS\System32\combase.dll
0x00007ff91fd30000 - 0x00007ff91fdb0000 	C:\WINDOWS\System32\bcryptPrimitives.dll
0x00007ff922c00000 - 0x00007ff922c2e000 	C:\WINDOWS\System32\IMM32.DLL
0x0000000076330000 - 0x0000000076402000 	D:\Android Studio\jre\jre\bin\msvcr100.dll
0x0000000074f60000 - 0x00000000757a6000 	D:\Android Studio\jre\jre\bin\server\jvm.dll
0x00007ff921270000 - 0x00007ff921278000 	C:\WINDOWS\System32\PSAPI.DLL
0x00007ff91c8f0000 - 0x00007ff91c914000 	C:\WINDOWS\SYSTEM32\WINMM.dll
0x00007ff91b140000 - 0x00007ff91b14a000 	C:\WINDOWS\SYSTEM32\VERSION.dll
0x00007ff90e490000 - 0x00007ff90e499000 	C:\WINDOWS\SYSTEM32\WSOCK32.dll
0x00007ff921e40000 - 0x00007ff921eaf000 	C:\WINDOWS\System32\WS2_32.dll
0x00007ff91c8c0000 - 0x00007ff91c8ed000 	C:\WINDOWS\SYSTEM32\WINMMBASE.dll
0x00007ff920660000 - 0x00007ff9206aa000 	C:\WINDOWS\System32\cfgmgr32.dll
0x00007ff91c590000 - 0x00007ff91c59f000 	D:\Android Studio\jre\jre\bin\verify.dll
0x00007ff90ddb0000 - 0x00007ff90ddd9000 	D:\Android Studio\jre\jre\bin\java.dll
0x00007ff9175d0000 - 0x00007ff9175e6000 	D:\Android Studio\jre\jre\bin\zip.dll
0x00007ff9221d0000 - 0x00007ff9228b7000 	C:\WINDOWS\System32\SHELL32.dll
0x00007ff922cb0000 - 0x00007ff922d59000 	C:\WINDOWS\System32\shcore.dll
0x00007ff9206d0000 - 0x00007ff920e50000 	C:\WINDOWS\System32\windows.storage.dll
0x00007ff91fc70000 - 0x00007ff91fc93000 	C:\WINDOWS\System32\profapi.dll
0x00007ff91fce0000 - 0x00007ff91fd2a000 	C:\WINDOWS\System32\powrprof.dll
0x00007ff91fc60000 - 0x00007ff91fc70000 	C:\WINDOWS\System32\UMPDC.dll
0x00007ff9220a0000 - 0x00007ff9220f2000 	C:\WINDOWS\System32\shlwapi.dll
0x00007ff91fcc0000 - 0x00007ff91fcd1000 	C:\WINDOWS\System32\kernel.appcore.dll
0x00007ff9206b0000 - 0x00007ff9206c7000 	C:\WINDOWS\System32\cryptsp.dll
0x00007ff911260000 - 0x00007ff91127a000 	D:\Android Studio\jre\jre\bin\net.dll
0x00007ff9132c0000 - 0x00007ff913496000 	C:\WINDOWS\SYSTEM32\urlmon.dll
0x00007ff916dd0000 - 0x00007ff917076000 	C:\WINDOWS\SYSTEM32\iertutil.dll
0x00007ff91f680000 - 0x00007ff91f68c000 	C:\WINDOWS\SYSTEM32\CRYPTBASE.DLL
0x00007ff91f4b0000 - 0x00007ff91f517000 	C:\WINDOWS\system32\mswsock.dll
0x00007ff911010000 - 0x00007ff911023000 	D:\Android Studio\jre\jre\bin\nio.dll
0x00007ff90a2d0000 - 0x00007ff90a2f6000 	C:\Users\hookl\.gradle\native\30\windows-amd64\native-platform.dll
0x00007ff91bec0000 - 0x00007ff91becd000 	D:\Android Studio\jre\jre\bin\management.dll
0x00007ff91f020000 - 0x00007ff91f053000 	C:\WINDOWS\system32\rsaenh.dll
0x00007ff9204e0000 - 0x00007ff920506000 	C:\WINDOWS\System32\bcrypt.dll
0x00007ff91fb80000 - 0x00007ff91fba5000 	C:\WINDOWS\SYSTEM32\USERENV.dll
0x00007ff91f1c0000 - 0x00007ff91f1fa000 	C:\WINDOWS\SYSTEM32\IPHLPAPI.DLL
0x00007ff921db0000 - 0x00007ff921db8000 	C:\WINDOWS\System32\NSI.dll
0x00007ff918540000 - 0x00007ff918556000 	C:\WINDOWS\SYSTEM32\dhcpcsvc6.DLL
0x00007ff9184f0000 - 0x00007ff91850c000 	C:\WINDOWS\SYSTEM32\dhcpcsvc.DLL
0x00007ff91f200000 - 0x00007ff91f2cb000 	C:\WINDOWS\SYSTEM32\DNSAPI.dll

VM Arguments:
jvm_args: -Xmx1536m -Dfile.encoding=windows-1252 -Duser.country=NZ -Duser.language=en -Duser.variant 
java_command: org.gradle.launcher.daemon.bootstrap.GradleDaemon 5.6.4
java_class_path (initial): C:\Users\hookl\.gradle\wrapper\dists\gradle-5.6.4-all\ankdp27end7byghfw1q2sw75f\gradle-5.6.4\lib\gradle-launcher-5.6.4.jar
Launcher Type: SUN_STANDARD

Environment Variables:
PATH=C:\Program Files (x86)\Common Files\Oracle\Java\javapath;C:\WINDOWS\system32;C:\WINDOWS;C:\WINDOWS\System32\Wbem;C:\WINDOWS\System32\WindowsPowerShell\v1.0\;C:\WINDOWS\System32\OpenSSH\;C:\Program Files (x86)\NVIDIA Corporation\PhysX\Common;C:\Program Files\Git\cmd;C:\Program Files\NVIDIA Corporation\NVIDIA NvDLISR;C:\Program Files (x86)\Common Files\Propellerhead Software\ReWire\;C:\Program Files\Common Files\Propellerhead Software\ReWire\;C:\Program Files\PuTTY\;C:\Users\hookl\AppData\Local\Microsoft\WindowsApps;C:\Users\hookl\AppData\Local\GitHubDesktop\bin
USERNAME=hookl
OS=Windows_NT
PROCESSOR_IDENTIFIER=Intel64 Family 6 Model 94 Stepping 3, GenuineIntel



---------------  S Y S T E M  ---------------

OS: Windows 10.0 , 64 bit Build 18362 (10.0.18362.1082)

CPU:total 4 (initial active 4) (2 cores per cpu, 2 threads per core) family 6 model 94 stepping 3, cmov, cx8, fxsr, mmx, sse, sse2, sse3, ssse3, sse4.1, sse4.2, popcnt, avx, avx2, aes, clmul, erms, 3dnowpref, lzcnt, ht, tsc, tscinvbit, bmi1, bmi2, adx

Memory: 4k page, physical 8326704k(693712k free), swap 22846316k(5836k free)

vm_info: OpenJDK 64-Bit Server VM (25.212-b04) for windows-amd64 JRE (1.8.0_212-release-1586-b04), built by "builder" with MS VC++ 10.0 (VS2010)

time: Sat Oct 03 21:16:56 2020
timezone: New Zealand Summer Time
elapsed time: 783 seconds (0d 0h 13m 3s)

