#
# There is insufficient memory for the Java Runtime Environment to continue.
# Native memory allocation (malloc) failed to allocate 812736 bytes for Chunk::new
# Possible reasons:
#   The system is out of physical RAM or swap space
#   The process is running with CompressedOops enabled, and the Java Heap may be blocking the growth of the native heap
# Possible solutions:
#   Reduce memory load on the system
#   Increase physical memory or swap space
#   Check if swap backing store is full
#   Decrease Java heap size (-Xmx/-Xms)
#   Decrease number of Java threads
#   Decrease Java thread stack sizes (-Xss)
#   Set larger code cache with -XX:ReservedCodeCacheSize=
#   JVM is running with Unscaled Compressed Oops mode in which the Java heap is
#     placed in the first 4GB address space. The Java Heap base address is the
#     maximum limit for the native heap growth. Please use -XX:HeapBaseMinAddress
#     to set the Java Heap base and to place the Java Heap above 4GB virtual address.
# This output file may be truncated or incomplete.
#
#  Out of Memory Error (allocation.cpp:389), pid=6360, tid=0x0000000000003880
#
# JRE version: OpenJDK Runtime Environment (8.0_212-b04) (build 1.8.0_212-release-1586-b04)
# Java VM: OpenJDK 64-Bit Server VM (25.212-b04 mixed mode windows-amd64 compressed oops)
# Failed to write core dump. Minidumps are not enabled by default on client versions of Windows
#

---------------  T H R E A D  ---------------

Current thread (0x00000000164b5000):  JavaThread "C2 CompilerThread1" daemon [_thread_in_native, id=14464, stack(0x0000000017c00000,0x0000000017d00000)]

Stack: [0x0000000017c00000,0x0000000017d00000]
[error occurred during error reporting (printing stack bounds), id 0xc0000005]

Native frames: (J=compiled Java code, j=interpreted, Vv=VM code, C=native code)


Current CompileTask:
C2: 459079 14271       4       java.lang.Class::privateGetPublicMethods (267 bytes)


---------------  P R O C E S S  ---------------

Java Threads: ( => current thread )
  0x000000001ca91800 JavaThread "Cache worker for file content cache (C:\Users\hookl\AndroidStudioProjects\ChoreRoulette\.gradle\5.6.4\fileContent)" [_thread_blocked, id=7424, stack(0x0000000024e80000,0x0000000024f80000)]
  0x000000001ca98800 JavaThread "Cache worker for file content cache (C:\Users\hookl\.gradle\caches\5.6.4\fileContent)" [_thread_blocked, id=14872, stack(0x0000000024980000,0x0000000024a80000)]
  0x000000001ca97800 JavaThread "Cache worker for Build Output Cleanup Cache (C:\Users\hookl\AndroidStudioProjects\ChoreRoulette\.gradle\buildOutputCleanup)" [_thread_blocked, id=7380, stack(0x0000000023900000,0x0000000023a00000)]
  0x000000001ca97000 JavaThread "Build operations Thread 4" [_thread_blocked, id=6148, stack(0x0000000020a10000,0x0000000020b10000)]
  0x000000001ca96000 JavaThread "Build operations Thread 3" [_thread_blocked, id=2744, stack(0x0000000020010000,0x0000000020110000)]
  0x000000001ca91000 JavaThread "Build operations Thread 2" [_thread_blocked, id=1356, stack(0x000000001e6c0000,0x000000001e7c0000)]
  0x000000001ca8f800 JavaThread "Build operations" [_thread_blocked, id=13328, stack(0x000000001e3c0000,0x000000001e4c0000)]
  0x000000001ca95800 JavaThread "Cache worker for cache directory md-rule (C:\Users\hookl\.gradle\caches\5.6.4\md-rule)" [_thread_blocked, id=12640, stack(0x000000001bd20000,0x000000001be20000)]
  0x000000001ca8d000 JavaThread "Cache worker for cache directory md-supplier (C:\Users\hookl\.gradle\caches\5.6.4\md-supplier)" [_thread_blocked, id=15776, stack(0x000000001bc20000,0x000000001bd20000)]
  0x000000001ca90000 JavaThread "Cache worker for file hash cache (C:\Users\hookl\AndroidStudioProjects\ChoreRoulette\.gradle\5.6.4\fileHashes)" [_thread_blocked, id=16196, stack(0x000000001bb20000,0x000000001bc20000)]
  0x000000001ca8e800 JavaThread "Thread-66" [_thread_blocked, id=14732, stack(0x000000001ba20000,0x000000001bb20000)]
  0x000000001ca93000 JavaThread "Stdin handler" [_thread_blocked, id=16204, stack(0x000000001b920000,0x000000001ba20000)]
  0x000000001ca94000 JavaThread "Asynchronous log dispatcher for DefaultDaemonConnection: socket connection from /127.0.0.1:61417 to /127.0.0.1:61518" [_thread_blocked, id=4452, stack(0x000000001b620000,0x000000001b720000)]
  0x000000001ca8b800 JavaThread "Daemon worker Thread 3" [_thread_in_vm, id=11980, stack(0x000000001b520000,0x000000001b620000)]
  0x000000001ca92800 JavaThread "Cancel handler" [_thread_blocked, id=14940, stack(0x0000000000f50000,0x0000000001050000)]
  0x000000001ca8c800 JavaThread "Handler for socket connection from /127.0.0.1:61417 to /127.0.0.1:61518" [_thread_in_native, id=13152, stack(0x0000000000e50000,0x0000000000f50000)]
  0x000000001ca8b000 JavaThread "Daemon Thread 3" [_thread_blocked, id=5900, stack(0x0000000000d50000,0x0000000000e50000)]
  0x000000001f41e000 JavaThread "Memory manager" [_thread_blocked, id=10596, stack(0x0000000022f90000,0x0000000023090000)]
  0x000000001a139800 JavaThread "Cache worker for execution history cache (C:\Users\hookl\.gradle\caches\5.6.4\executionHistory)" [_thread_blocked, id=6476, stack(0x0000000020110000,0x0000000020210000)]
  0x000000001a13b000 JavaThread "Cache worker for journal cache (C:\Users\hookl\.gradle\caches\journal-1)" [_thread_blocked, id=10872, stack(0x000000001c220000,0x000000001c320000)]
  0x000000001a13e000 JavaThread "File lock request listener" [_thread_in_native, id=4220, stack(0x000000001c120000,0x000000001c220000)]
  0x000000001a07e800 JavaThread "Cache worker for file hash cache (C:\Users\hookl\.gradle\caches\5.6.4\fileHashes)" [_thread_blocked, id=5144, stack(0x000000001c020000,0x000000001c120000)]
  0x0000000019fc3000 JavaThread "Daemon periodic checks" [_thread_blocked, id=2488, stack(0x000000001b420000,0x000000001b520000)]
  0x0000000019f37800 JavaThread "Incoming local TCP Connector on port 61417" [_thread_in_native, id=15508, stack(0x000000001b1e0000,0x000000001b2e0000)]
  0x0000000017eb7000 JavaThread "Daemon health stats" [_thread_blocked, id=3872, stack(0x000000001aba0000,0x000000001aca0000)]
  0x0000000017e28800 JavaThread "Service Thread" daemon [_thread_blocked, id=7784, stack(0x0000000018200000,0x0000000018300000)]
  0x00000000164b9000 JavaThread "C1 CompilerThread2" daemon [_thread_blocked, id=1976, stack(0x0000000017d00000,0x0000000017e00000)]
=>0x00000000164b5000 JavaThread "C2 CompilerThread1" daemon [_thread_in_native, id=14464, stack(0x0000000017c00000,0x0000000017d00000)]
  0x00000000164ad800 JavaThread "C2 CompilerThread0" daemon [_thread_in_native, id=15148, stack(0x0000000017b00000,0x0000000017c00000)]
  0x00000000164ac000 JavaThread "Attach Listener" daemon [_thread_blocked, id=6508, stack(0x0000000017a00000,0x0000000017b00000)]
  0x00000000164a8800 JavaThread "Signal Dispatcher" daemon [_thread_blocked, id=13876, stack(0x0000000017900000,0x0000000017a00000)]
  0x0000000002a49800 JavaThread "Finalizer" daemon [_thread_blocked, id=15752, stack(0x0000000017700000,0x0000000017800000)]
  0x0000000002a41000 JavaThread "Reference Handler" daemon [_thread_blocked, id=8992, stack(0x0000000017600000,0x0000000017700000)]
  0x0000000002aad800 JavaThread "main" [_thread_blocked, id=9936, stack(0x0000000001050000,0x0000000001150000)]

Other Threads:
  0x0000000016476800 VMThread [stack: 0x0000000017500000,0x0000000017600000] [id=9332]
  0x000000001650d800 WatcherThread [stack: 0x0000000018300000,0x0000000018400000] [id=15788]

VM state:not at safepoint (normal execution)

VM Mutex/Monitor currently owned by a thread: None

heap address: 0x00000000a0000000, size: 1536 MB, Compressed Oops mode: 32-bit
Narrow klass base: 0x0000000000000000, Narrow klass shift: 3
Compressed class space size: 1073741824 Address: 0x0000000100000000

Heap:
 PSYoungGen      total 461824K, used 356404K [0x00000000e0000000, 0x0000000100000000, 0x0000000100000000)
  eden space 425984K, 75% used [0x00000000e0000000,0x00000000f3b923d0,0x00000000fa000000)
  from space 35840K, 92% used [0x00000000fdd00000,0x00000000ffd7ade0,0x0000000100000000)
  to   space 49152K, 0% used [0x00000000fa000000,0x00000000fa000000,0x00000000fd000000)
 ParOldGen       total 190976K, used 79265K [0x00000000a0000000, 0x00000000aba80000, 0x00000000e0000000)
  object space 190976K, 41% used [0x00000000a0000000,0x00000000a4d68598,0x00000000aba80000)
 Metaspace       used 112315K, capacity 117928K, committed 118016K, reserved 1150976K
  class space    used 14904K, capacity 16091K, committed 16128K, reserved 1048576K

Card table byte_map: [0x0000000011f00000,0x0000000012210000] byte_map_base: 0x0000000011a00000

Marking Bits: (ParMarkBitMap*) 0x000000006c6c9f30
 Begin Bits: [0x0000000012810000, 0x0000000014010000)
 End Bits:   [0x0000000014010000, 0x0000000015810000)

Polling page: 0x00000000007e0000

CodeCache: size=245760Kb used=41571Kb max_used=41571Kb free=204188Kb
 bounds [0x0000000002b40000, 0x0000000005410000, 0x0000000011b40000]
 total_blobs=12829 nmethods=11965 adapters=776
 compilation: enabled

Compilation events (10 events):
Event: 459.043 Thread 0x00000000164b9000 14367       3       com.sun.xml.bind.v2.model.impl.FieldPropertySeed::readAnnotation (19 bytes)
Event: 459.043 Thread 0x00000000164b9000 nmethod 14367 0x00000000053f9790 code [0x00000000053f9900, 0x00000000053f9c28]
Event: 459.043 Thread 0x00000000164b9000 14368       3       com.sun.xml.bind.v2.model.nav.ReflectionNavigator::erasure (12 bytes)
Event: 459.043 Thread 0x00000000164b9000 nmethod 14368 0x00000000053f9d90 code [0x00000000053f9f00, 0x00000000053fa208]
Event: 459.044 Thread 0x00000000164b9000 14369       3       java.util.LinkedHashMap$LinkedKeySet::contains (9 bytes)
Event: 459.044 Thread 0x00000000164b9000 nmethod 14369 0x00000000053fa2d0 code [0x00000000053fa460, 0x00000000053fa958]
Event: 459.044 Thread 0x00000000164b9000 14370   !   3       com.sun.proxy.$Proxy105::annotationType (29 bytes)
Event: 459.044 Thread 0x00000000164b9000 nmethod 14370 0x00000000053fab10 code [0x00000000053faca0, 0x00000000053fb0d8]
Event: 459.044 Thread 0x00000000164b9000 14371       1       com.sun.xml.bind.v2.model.impl.PropertyInfoImpl::isCollection (5 bytes)
Event: 459.044 Thread 0x00000000164b9000 nmethod 14371 0x00000000053fb290 code [0x00000000053fb3e0, 0x00000000053fb4f0]

GC Heap History (10 events):
Event: 14.464 GC heap before
{Heap before GC invocations=12 (full 3):
 PSYoungGen      total 452096K, used 23242K [0x00000000e0000000, 0x0000000100000000, 0x0000000100000000)
  eden space 427520K, 0% used [0x00000000e0000000,0x00000000e0000000,0x00000000fa180000)
  from space 24576K, 94% used [0x00000000fa180000,0x00000000fb832800,0x00000000fb980000)
  to   space 28160K, 0% used [0x00000000fe480000,0x00000000fe480000,0x0000000100000000)
 ParOldGen       total 81408K, used 30254K [0x00000000a0000000, 0x00000000a4f80000, 0x00000000e0000000)
  object space 81408K, 37% used [0x00000000a0000000,0x00000000a1d8ba10,0x00000000a4f80000)
 Metaspace       used 57028K, capacity 59124K, committed 59136K, reserved 1099776K
  class space    used 7957K, capacity 8442K, committed 8448K, reserved 1048576K
Event: 14.738 GC heap after
Heap after GC invocations=12 (full 3):
 PSYoungGen      total 452096K, used 0K [0x00000000e0000000, 0x0000000100000000, 0x0000000100000000)
  eden space 427520K, 0% used [0x00000000e0000000,0x00000000e0000000,0x00000000fa180000)
  from space 24576K, 0% used [0x00000000fa180000,0x00000000fa180000,0x00000000fb980000)
  to   space 28160K, 0% used [0x00000000fe480000,0x00000000fe480000,0x0000000100000000)
 ParOldGen       total 121344K, used 38683K [0x00000000a0000000, 0x00000000a7680000, 0x00000000e0000000)
  object space 121344K, 31% used [0x00000000a0000000,0x00000000a25c6ea0,0x00000000a7680000)
 Metaspace       used 57015K, capacity 59082K, committed 59136K, reserved 1099776K
  class space    used 7953K, capacity 8435K, committed 8448K, reserved 1048576K
}
Event: 38.092 GC heap before
{Heap before GC invocations=13 (full 3):
 PSYoungGen      total 452096K, used 427520K [0x00000000e0000000, 0x0000000100000000, 0x0000000100000000)
  eden space 427520K, 100% used [0x00000000e0000000,0x00000000fa180000,0x00000000fa180000)
  from space 24576K, 0% used [0x00000000fa180000,0x00000000fa180000,0x00000000fb980000)
  to   space 28160K, 0% used [0x00000000fe480000,0x00000000fe480000,0x0000000100000000)
 ParOldGen       total 121344K, used 38683K [0x00000000a0000000, 0x00000000a7680000, 0x00000000e0000000)
  object space 121344K, 31% used [0x00000000a0000000,0x00000000a25c6ea0,0x00000000a7680000)
 Metaspace       used 78930K, capacity 82360K, committed 82560K, reserved 1120256K
  class space    used 10548K, capacity 11303K, committed 11392K, reserved 1048576K
Event: 38.165 GC heap after
Heap after GC invocations=13 (full 3):
 PSYoungGen      total 480768K, used 28154K [0x00000000e0000000, 0x0000000100000000, 0x0000000100000000)
  eden space 452608K, 0% used [0x00000000e0000000,0x00000000e0000000,0x00000000fba00000)
  from space 28160K, 99% used [0x00000000fe480000,0x00000000ffffeb10,0x0000000100000000)
  to   space 35840K, 0% used [0x00000000fba00000,0x00000000fba00000,0x00000000fdd00000)
 ParOldGen       total 121344K, used 47663K [0x00000000a0000000, 0x00000000a7680000, 0x00000000e0000000)
  object space 121344K, 39% used [0x00000000a0000000,0x00000000a2e8bd20,0x00000000a7680000)
 Metaspace       used 78930K, capacity 82360K, committed 82560K, reserved 1120256K
  class space    used 10548K, capacity 11303K, committed 11392K, reserved 1048576K
}
Event: 44.773 GC heap before
{Heap before GC invocations=14 (full 3):
 PSYoungGen      total 480768K, used 294410K [0x00000000e0000000, 0x0000000100000000, 0x0000000100000000)
  eden space 452608K, 58% used [0x00000000e0000000,0x00000000f0403e38,0x00000000fba00000)
  from space 28160K, 99% used [0x00000000fe480000,0x00000000ffffeb10,0x0000000100000000)
  to   space 35840K, 0% used [0x00000000fba00000,0x00000000fba00000,0x00000000fdd00000)
 ParOldGen       total 121344K, used 47663K [0x00000000a0000000, 0x00000000a7680000, 0x00000000e0000000)
  object space 121344K, 39% used [0x00000000a0000000,0x00000000a2e8bd20,0x00000000a7680000)
 Metaspace       used 94134K, capacity 98346K, committed 98560K, reserved 1134592K
  class space    used 12676K, capacity 13558K, committed 13568K, reserved 1048576K
Event: 44.808 GC heap after
Heap after GC invocations=14 (full 3):
 PSYoungGen      total 488448K, used 35830K [0x00000000e0000000, 0x0000000100000000, 0x0000000100000000)
  eden space 452608K, 0% used [0x00000000e0000000,0x00000000e0000000,0x00000000fba00000)
  from space 35840K, 99% used [0x00000000fba00000,0x00000000fdcfdad8,0x00000000fdd00000)
  to   space 35840K, 0% used [0x00000000fdd00000,0x00000000fdd00000,0x0000000100000000)
 ParOldGen       total 121344K, used 61503K [0x00000000a0000000, 0x00000000a7680000, 0x00000000e0000000)
  object space 121344K, 50% used [0x00000000a0000000,0x00000000a3c0fd38,0x00000000a7680000)
 Metaspace       used 94134K, capacity 98346K, committed 98560K, reserved 1134592K
  class space    used 12676K, capacity 13558K, committed 13568K, reserved 1048576K
}
Event: 44.808 GC heap before
{Heap before GC invocations=15 (full 4):
 PSYoungGen      total 488448K, used 35830K [0x00000000e0000000, 0x0000000100000000, 0x0000000100000000)
  eden space 452608K, 0% used [0x00000000e0000000,0x00000000e0000000,0x00000000fba00000)
  from space 35840K, 99% used [0x00000000fba00000,0x00000000fdcfdad8,0x00000000fdd00000)
  to   space 35840K, 0% used [0x00000000fdd00000,0x00000000fdd00000,0x0000000100000000)
 ParOldGen       total 121344K, used 61503K [0x00000000a0000000, 0x00000000a7680000, 0x00000000e0000000)
  object space 121344K, 50% used [0x00000000a0000000,0x00000000a3c0fd38,0x00000000a7680000)
 Metaspace       used 94134K, capacity 98346K, committed 98560K, reserved 1134592K
  class space    used 12676K, capacity 13558K, committed 13568K, reserved 1048576K
Event: 45.028 GC heap after
Heap after GC invocations=15 (full 4):
 PSYoungGen      total 488448K, used 0K [0x00000000e0000000, 0x0000000100000000, 0x0000000100000000)
  eden space 452608K, 0% used [0x00000000e0000000,0x00000000e0000000,0x00000000fba00000)
  from space 35840K, 0% used [0x00000000fba00000,0x00000000fba00000,0x00000000fdd00000)
  to   space 35840K, 0% used [0x00000000fdd00000,0x00000000fdd00000,0x0000000100000000)
 ParOldGen       total 190976K, used 79257K [0x00000000a0000000, 0x00000000aba80000, 0x00000000e0000000)
  object space 190976K, 41% used [0x00000000a0000000,0x00000000a4d66598,0x00000000aba80000)
 Metaspace       used 93986K, capacity 97912K, committed 98560K, reserved 1134592K
  class space    used 12629K, capacity 13480K, committed 13568K, reserved 1048576K
}
Event: 102.671 GC heap before
{Heap before GC invocations=16 (full 4):
 PSYoungGen      total 488448K, used 452608K [0x00000000e0000000, 0x0000000100000000, 0x0000000100000000)
  eden space 452608K, 100% used [0x00000000e0000000,0x00000000fba00000,0x00000000fba00000)
  from space 35840K, 0% used [0x00000000fba00000,0x00000000fba00000,0x00000000fdd00000)
  to   space 35840K, 0% used [0x00000000fdd00000,0x00000000fdd00000,0x0000000100000000)
 ParOldGen       total 190976K, used 79257K [0x00000000a0000000, 0x00000000aba80000, 0x00000000e0000000)
  object space 190976K, 41% used [0x00000000a0000000,0x00000000a4d66598,0x00000000aba80000)
 Metaspace       used 99200K, capacity 103574K, committed 103680K, reserved 1138688K
  class space    used 13023K, capacity 13990K, committed 14080K, reserved 1048576K
Event: 102.720 GC heap after
Heap after GC invocations=16 (full 4):
 PSYoungGen      total 461824K, used 33259K [0x00000000e0000000, 0x0000000100000000, 0x0000000100000000)
  eden space 425984K, 0% used [0x00000000e0000000,0x00000000e0000000,0x00000000fa000000)
  from space 35840K, 92% used [0x00000000fdd00000,0x00000000ffd7ade0,0x0000000100000000)
  to   space 49152K, 0% used [0x00000000fa000000,0x00000000fa000000,0x00000000fd000000)
 ParOldGen       total 190976K, used 79265K [0x00000000a0000000, 0x00000000aba80000, 0x00000000e0000000)
  object space 190976K, 41% used [0x00000000a0000000,0x00000000a4d68598,0x00000000aba80000)
 Metaspace       used 99200K, capacity 103574K, committed 103680K, reserved 1138688K
  class space    used 13023K, capacity 13990K, committed 14080K, reserved 1048576K
}

Deoptimization events (10 events):
Event: 457.913 Thread 0x000000001ca8b800 Uncommon trap: reason=array_check action=maybe_recompile pc=0x000000000534ed9c method=java.util.TimSort.reverseRange([Ljava/lang/Object;II)V @ 20
Event: 457.917 Thread 0x000000001ca8b800 Uncommon trap: reason=array_check action=maybe_recompile pc=0x000000000534ed9c method=java.util.TimSort.reverseRange([Ljava/lang/Object;II)V @ 20
Event: 457.921 Thread 0x000000001ca8b800 Uncommon trap: reason=array_check action=maybe_recompile pc=0x000000000534ed9c method=java.util.TimSort.reverseRange([Ljava/lang/Object;II)V @ 20
Event: 458.313 Thread 0x000000001ca8b800 Uncommon trap: reason=class_check action=maybe_recompile pc=0x00000000050c0160 method=java.lang.reflect.Array.newInstance(Ljava/lang/Class;I)Ljava/lang/Object; @ 2
Event: 458.576 Thread 0x000000001ca8b800 Uncommon trap: reason=speculate_class_check action=maybe_recompile pc=0x0000000004da6b2c method=com.google.common.base.Equivalence.hash(Ljava/lang/Object;)I @ 8
Event: 458.576 Thread 0x000000001ca8b800 Uncommon trap: reason=speculate_class_check action=maybe_recompile pc=0x0000000004da6b2c method=com.google.common.base.Equivalence.hash(Ljava/lang/Object;)I @ 8
Event: 458.576 Thread 0x000000001ca8b800 Uncommon trap: reason=speculate_class_check action=maybe_recompile pc=0x0000000004da6b2c method=com.google.common.base.Equivalence.hash(Ljava/lang/Object;)I @ 8
Event: 458.594 Thread 0x000000001ca8b800 Uncommon trap: reason=unstable_if action=reinterpret pc=0x0000000003d3929c method=java.util.ArrayDeque.addLast(Ljava/lang/Object;)V @ 45
Event: 458.594 Thread 0x000000001ca8b800 Uncommon trap: reason=unstable_if action=reinterpret pc=0x0000000003ef1990 method=java.util.ArrayDeque.addFirst(Ljava/lang/Object;)V @ 45
Event: 458.641 Thread 0x000000001ca8b800 Uncommon trap: reason=speculate_class_check action=maybe_recompile pc=0x0000000004da6b2c method=com.google.common.base.Equivalence.hash(Ljava/lang/Object;)I @ 8

Classes redefined (0 events):
No events

Internal exceptions (10 events):
Event: 458.539 Thread 0x000000001ca8b800 Exception <a 'java/lang/ClassNotFoundException': com/android/build/gradle/tasks/ResourceAwareTaskBeanInfo> (0x00000000f1c1d678) thrown at [D:\src\AOSP-openjdk-cygwin\jdk8u\hotspot\src\share\vm\classfile\systemDictionary.cpp, line 210]
Event: 458.540 Thread 0x000000001ca8b800 Exception <a 'java/lang/ClassNotFoundException': com/android/build/gradle/internal/tasks/IncrementalTaskBeanInfo> (0x00000000f1c3bf90) thrown at [D:\src\AOSP-openjdk-cygwin\jdk8u\hotspot\src\share\vm\classfile\systemDictionary.cpp, line 210]
Event: 458.541 Thread 0x000000001ca8b800 Exception <a 'java/lang/ClassNotFoundException': com/android/build/gradle/internal/tasks/AndroidVariantTaskBeanInfo> (0x00000000f1c5aee0) thrown at [D:\src\AOSP-openjdk-cygwin\jdk8u\hotspot\src\share\vm\classfile\systemDictionary.cpp, line 210]
Event: 458.542 Thread 0x000000001ca8b800 Exception <a 'java/lang/ClassNotFoundException': com/android/build/gradle/internal/tasks/AndroidVariantTaskCustomizer> (0x00000000f1c7aec8) thrown at [D:\src\AOSP-openjdk-cygwin\jdk8u\hotspot\src\share\vm\classfile\systemDictionary.cpp, line 210]
Event: 458.543 Thread 0x000000001ca8b800 Exception <a 'java/lang/ClassNotFoundException': com/android/build/gradle/internal/tasks/IncrementalTaskCustomizer> (0x00000000f1cb0360) thrown at [D:\src\AOSP-openjdk-cygwin\jdk8u\hotspot\src\share\vm\classfile\systemDictionary.cpp, line 210]
Event: 458.543 Thread 0x000000001ca8b800 Exception <a 'java/lang/ClassNotFoundException': com/android/build/gradle/tasks/ResourceAwareTaskCustomizer> (0x00000000f1ce0740) thrown at [D:\src\AOSP-openjdk-cygwin\jdk8u\hotspot\src\share\vm\classfile\systemDictionary.cpp, line 210]
Event: 458.544 Thread 0x000000001ca8b800 Exception <a 'java/lang/ClassNotFoundException': com/android/build/gradle/tasks/MergeResourcesCustomizer> (0x00000000f1d1ca38) thrown at [D:\src\AOSP-openjdk-cygwin\jdk8u\hotspot\src\share\vm\classfile\systemDictionary.cpp, line 210]
Event: 458.545 Thread 0x000000001ca8b800 Exception <a 'java/lang/ClassNotFoundException': com/android/build/gradle/tasks/MergeResources_DecoratedCustomizer> (0x00000000f1d697a8) thrown at [D:\src\AOSP-openjdk-cygwin\jdk8u\hotspot\src\share\vm\classfile\systemDictionary.cpp, line 210]
Event: 458.737 Thread 0x000000001ca8b800 Exception <a 'java/lang/ClassNotFoundException': com/sun/org/glassfish/hk2/osgiresourcelocator/ServiceLoader> (0x00000000f2b1b9a8) thrown at [D:\src\AOSP-openjdk-cygwin\jdk8u\hotspot\src\share\vm\classfile\systemDictionary.cpp, line 210]
Event: 458.810 Thread 0x000000001ca8b800 Exception <a 'java/lang/NullPointerException'> (0x00000000f2ff0e40) thrown at [D:\src\AOSP-openjdk-cygwin\jdk8u\hotspot\src\share\vm\interpreter\linkResolver.cpp, line 1287]

Events (10 events):
Event: 459.046 loading class com/sun/xml/bind/api/impl/NameConverter
Event: 459.046 loading class com/sun/xml/bind/api/impl/NameConverter done
Event: 459.046 loading class com/sun/xml/bind/api/impl/NameConverter$Standard
Event: 459.046 loading class com/sun/xml/bind/api/impl/NameConverter$Standard done
Event: 459.047 loading class com/sun/xml/bind/api/impl/NameUtil
Event: 459.047 loading class com/sun/xml/bind/api/impl/NameUtil done
Event: 459.049 loading class com/sun/xml/bind/api/impl/NameConverter$1
Event: 459.049 loading class com/sun/xml/bind/api/impl/NameConverter$1 done
Event: 459.056 loading class com/sun/xml/bind/api/impl/NameConverter$2
Event: 459.056 loading class com/sun/xml/bind/api/impl/NameConverter$2 done


Dynamic libraries:
0x00007ff65a0c0000 - 0x00007ff65a0f1000 	D:\Android Studio\jre\bin\java.exe
0x00007ff9e89a0000 - 0x00007ff9e8b90000 	C:\WINDOWS\SYSTEM32\ntdll.dll
0x00007ff9e78b0000 - 0x00007ff9e7962000 	C:\WINDOWS\System32\KERNEL32.DLL
0x00007ff9e6430000 - 0x00007ff9e66d5000 	C:\WINDOWS\System32\KERNELBASE.dll
0x00007ff9e7bf0000 - 0x00007ff9e7c93000 	C:\WINDOWS\System32\ADVAPI32.dll
0x00007ff9e7b50000 - 0x00007ff9e7bee000 	C:\WINDOWS\System32\msvcrt.dll
0x00007ff9e6fa0000 - 0x00007ff9e7037000 	C:\WINDOWS\System32\sechost.dll
0x00007ff9e75b0000 - 0x00007ff9e76d0000 	C:\WINDOWS\System32\RPCRT4.dll
0x00007ff9e6e00000 - 0x00007ff9e6f95000 	C:\WINDOWS\System32\USER32.dll
0x00007ff9e5930000 - 0x00007ff9e5951000 	C:\WINDOWS\System32\win32u.dll
0x00007ff9e7320000 - 0x00007ff9e7346000 	C:\WINDOWS\System32\GDI32.dll
0x00007ff9e6210000 - 0x00007ff9e63a6000 	C:\WINDOWS\System32\gdi32full.dll
0x00007ff9e67e0000 - 0x00007ff9e687e000 	C:\WINDOWS\System32\msvcp_win.dll
0x00007ff9e5960000 - 0x00007ff9e5a5a000 	C:\WINDOWS\System32\ucrtbase.dll
0x00007ff9d2eb0000 - 0x00007ff9d3134000 	C:\WINDOWS\WinSxS\amd64_microsoft.windows.common-controls_6595b64144ccf1df_6.0.18362.1082_none_9e8193e1e45b25c1\COMCTL32.dll
0x00007ff9e6a50000 - 0x00007ff9e6d85000 	C:\WINDOWS\System32\combase.dll
0x00007ff9e6880000 - 0x00007ff9e6900000 	C:\WINDOWS\System32\bcryptPrimitives.dll
0x00007ff9e7ca0000 - 0x00007ff9e7cce000 	C:\WINDOWS\System32\IMM32.DLL
0x000000006d3d0000 - 0x000000006d4a2000 	D:\Android Studio\jre\jre\bin\msvcr100.dll
0x000000006bf00000 - 0x000000006c746000 	D:\Android Studio\jre\jre\bin\server\jvm.dll
0x00007ff9e7460000 - 0x00007ff9e7468000 	C:\WINDOWS\System32\PSAPI.DLL
0x00007ff9841a0000 - 0x00007ff9841a9000 	C:\WINDOWS\SYSTEM32\WSOCK32.dll
0x00007ff9e37e0000 - 0x00007ff9e3804000 	C:\WINDOWS\SYSTEM32\WINMM.dll
0x00007ff9e7840000 - 0x00007ff9e78af000 	C:\WINDOWS\System32\WS2_32.dll
0x00007ff9e0100000 - 0x00007ff9e010a000 	C:\WINDOWS\SYSTEM32\VERSION.dll
0x00007ff9e3780000 - 0x00007ff9e37ad000 	C:\WINDOWS\SYSTEM32\WINMMBASE.dll
0x00007ff9e6790000 - 0x00007ff9e67da000 	C:\WINDOWS\System32\cfgmgr32.dll
0x00007ff9e2100000 - 0x00007ff9e210f000 	D:\Android Studio\jre\jre\bin\verify.dll
0x00007ff9d0210000 - 0x00007ff9d0239000 	D:\Android Studio\jre\jre\bin\java.dll
0x00007ff9e18f0000 - 0x00007ff9e1906000 	D:\Android Studio\jre\jre\bin\zip.dll
0x00007ff9e81f0000 - 0x00007ff9e88d7000 	C:\WINDOWS\System32\SHELL32.dll
0x00007ff9e73b0000 - 0x00007ff9e7459000 	C:\WINDOWS\System32\shcore.dll
0x00007ff9e5a90000 - 0x00007ff9e6210000 	C:\WINDOWS\System32\windows.storage.dll
0x00007ff9e58b0000 - 0x00007ff9e58d3000 	C:\WINDOWS\System32\profapi.dll
0x00007ff9e58e0000 - 0x00007ff9e592a000 	C:\WINDOWS\System32\powrprof.dll
0x00007ff9e5860000 - 0x00007ff9e5870000 	C:\WINDOWS\System32\UMPDC.dll
0x00007ff9e7110000 - 0x00007ff9e7162000 	C:\WINDOWS\System32\shlwapi.dll
0x00007ff9e5890000 - 0x00007ff9e58a1000 	C:\WINDOWS\System32\kernel.appcore.dll
0x00007ff9e63b0000 - 0x00007ff9e63c7000 	C:\WINDOWS\System32\cryptsp.dll
0x00007ff9ca370000 - 0x00007ff9ca38a000 	D:\Android Studio\jre\jre\bin\net.dll
0x00007ff9d91b0000 - 0x00007ff9d9386000 	C:\WINDOWS\SYSTEM32\urlmon.dll
0x00007ff9d9840000 - 0x00007ff9d9ae6000 	C:\WINDOWS\SYSTEM32\iertutil.dll
0x00007ff9e5280000 - 0x00007ff9e528c000 	C:\WINDOWS\SYSTEM32\CRYPTBASE.DLL
0x00007ff9e50b0000 - 0x00007ff9e5117000 	C:\WINDOWS\system32\mswsock.dll
0x00007ff9c5be0000 - 0x00007ff9c5bf3000 	D:\Android Studio\jre\jre\bin\nio.dll
0x00007ff9c3c10000 - 0x00007ff9c3c36000 	C:\Users\hookl\.gradle\native\30\windows-amd64\native-platform.dll
0x00007ff9d11c0000 - 0x00007ff9d11cd000 	D:\Android Studio\jre\jre\bin\management.dll
0x00007ff9e4c20000 - 0x00007ff9e4c53000 	C:\WINDOWS\system32\rsaenh.dll
0x00007ff9e5a60000 - 0x00007ff9e5a86000 	C:\WINDOWS\System32\bcrypt.dll
0x00007ff9e5780000 - 0x00007ff9e57a5000 	C:\WINDOWS\SYSTEM32\USERENV.dll
0x00007ff9e4dc0000 - 0x00007ff9e4dfa000 	C:\WINDOWS\SYSTEM32\IPHLPAPI.DLL
0x00007ff9e7b40000 - 0x00007ff9e7b48000 	C:\WINDOWS\System32\NSI.dll
0x00007ff9dd620000 - 0x00007ff9dd636000 	C:\WINDOWS\SYSTEM32\dhcpcsvc6.DLL
0x00007ff9dd660000 - 0x00007ff9dd67c000 	C:\WINDOWS\SYSTEM32\dhcpcsvc.DLL
0x00007ff9e4e00000 - 0x00007ff9e4ecb000 	C:\WINDOWS\SYSTEM32\DNSAPI.dll
0x00007ff9c41b0000 - 0x00007ff9c41d4000 	D:\Android Studio\jre\jre\bin\sunec.dll
0x00007ff9d3660000 - 0x00007ff9d366a000 	C:\Windows\System32\rasadhlp.dll
0x00007ff9d7760000 - 0x00007ff9d77d7000 	C:\WINDOWS\System32\fwpuclnt.dll
0x00007ff9c4490000 - 0x00007ff9c449b000 	D:\Android Studio\jre\jre\bin\sunmscapi.dll
0x00007ff9e6900000 - 0x00007ff9e6a49000 	C:\WINDOWS\System32\CRYPT32.dll
0x00007ff9e5870000 - 0x00007ff9e5882000 	C:\WINDOWS\System32\MSASN1.dll
0x00007ff9e48a0000 - 0x00007ff9e48d1000 	C:\WINDOWS\SYSTEM32\ntmarta.dll

VM Arguments:
jvm_args: -Xmx1536m -Dfile.encoding=windows-1252 -Duser.country=NZ -Duser.language=en -Duser.variant 
java_command: org.gradle.launcher.daemon.bootstrap.GradleDaemon 5.6.4
java_class_path (initial): C:\Users\hookl\.gradle\wrapper\dists\gradle-5.6.4-all\ankdp27end7byghfw1q2sw75f\gradle-5.6.4\lib\gradle-launcher-5.6.4.jar
Launcher Type: SUN_STANDARD

Environment Variables:
PATH=C:\Program Files (x86)\Common Files\Oracle\Java\javapath;C:\WINDOWS\system32;C:\WINDOWS;C:\WINDOWS\System32\Wbem;C:\WINDOWS\System32\WindowsPowerShell\v1.0\;C:\WINDOWS\System32\OpenSSH\;C:\Program Files (x86)\NVIDIA Corporation\PhysX\Common;C:\Program Files\Git\cmd;C:\Program Files\NVIDIA Corporation\NVIDIA NvDLISR;C:\Program Files (x86)\Common Files\Propellerhead Software\ReWire\;C:\Program Files\Common Files\Propellerhead Software\ReWire\;C:\Program Files\PuTTY\;C:\Users\hookl\AppData\Local\Microsoft\WindowsApps;C:\Users\hookl\AppData\Local\GitHubDesktop\bin
USERNAME=hookl
OS=Windows_NT
PROCESSOR_IDENTIFIER=Intel64 Family 6 Model 94 Stepping 3, GenuineIntel



---------------  S Y S T E M  ---------------

OS: Windows 10.0 , 64 bit Build 18362 (10.0.18362.1082)

CPU:total 4 (initial active 4) (2 cores per cpu, 2 threads per core) family 6 model 94 stepping 3, cmov, cx8, fxsr, mmx, sse, sse2, sse3, ssse3, sse4.1, sse4.2, popcnt, avx, avx2, aes, clmul, erms, 3dnowpref, lzcnt, ht, tsc, tscinvbit, bmi1, bmi2, adx

Memory: 4k page, physical 8326704k(311232k free), swap 22846316k(852k free)

vm_info: OpenJDK 64-Bit Server VM (25.212-b04) for windows-amd64 JRE (1.8.0_212-release-1586-b04), built by "builder" with MS VC++ 10.0 (VS2010)

time: Sat Sep 26 10:49:30 2020
timezone: New Zealand Standard Time
elapsed time: 459 seconds (0d 0h 7m 39s)

